<?xml version="1.0" encoding="UTF-8"?>
<!-- Generated by org.testng.reporters.JUnitReportReporter -->
<testsuite hostname="LAPTOP-80CMDR21" failures="0" tests="2" name="com.sauceDemoTestClasses.TC002_ValidateAddToCartFunctionality" time="26.708" errors="0" timestamp="2022-08-06T10:38:28 IST" skipped="0">
  <testcase classname="com.sauceDemoTestClasses.TC002_ValidateAddToCartFunctionality" name="validateAddToCartFunctionality" time="16.273"/>
  <system-out/>
  <testcase classname="com.sauceDemoTestClasses.TC002_ValidateAddToCartFunctionality" name="validateAddToCartFunctionality" time="10.435"/>
  <system-out/>
</testsuite> <!-- com.sauceDemoTestClasses.TC002_ValidateAddToCartFunctionality -->
